<?xml version="1.0" encoding="utf-8" standalone="no"?>
<test-run id="2" testcasecount="14" result="Failed" total="1" passed="0" failed="1" inconclusive="0" skipped="0" asserts="1" engine-version="3.2.1.0" clr-version="4.0.30319.42000" start-time="2016-08-01 16:06:25Z" end-time="2016-08-01 16:06:42Z" duration="17.226275">
  <command-line><![CDATA[nunit3-console  "C:\Users\rafael.noyola\Documents\Visual Studio 2015\Projects\SeleniumTestsCS\SeleniumTestsCS\bin\Debug\SeleniumTestsCS.dll" --test=SeleniumTests.deleteClause]]></command-line>
  <filter>
    <test>SeleniumTests.deleteClause</test>
  </filter>
  <test-suite type="Assembly" id="0-1028" name="SeleniumTestsCS.dll" fullname="C:\Users\rafael.noyola\Documents\Visual Studio 2015\Projects\SeleniumTestsCS\SeleniumTestsCS\bin\Debug\SeleniumTestsCS.dll" runstate="Runnable" testcasecount="14" result="Failed" site="Child" start-time="2016-08-01 16:06:25Z" end-time="2016-08-01 16:06:42Z" duration="17.168228" total="1" passed="0" failed="1" inconclusive="0" skipped="0" asserts="1">
    <environment framework-version="3.4.1.0" clr-version="4.0.30319.42000" os-version="Microsoft Windows NT 6.1.7601 Service Pack 1" platform="Win32NT" cwd="C:\Users\rafael.noyola\Documents\Visual Studio 2015\Projects\SeleniumTestsCS\SeleniumTestsCS\bin\Debug" machine-name="LENOVO-PC13" user="rafael.noyola" user-domain="CREATIVA" culture="es-SV" uiculture="es-ES" os-architecture="x64" />
    <settings>
      <setting name="WorkDirectory" value="C:\Users\rafael.noyola\Documents\Visual Studio 2015\Projects\SeleniumTestsCS\SeleniumTestsCS\bin\Debug" />
      <setting name="ImageRuntimeVersion" value="4.0.30319" />
      <setting name="ImageTargetFrameworkName" value=".NETFramework,Version=v4.5.2" />
      <setting name="ImageRequiresX86" value="False" />
      <setting name="ImageRequiresDefaultAppDomainAssemblyResolver" value="False" />
      <setting name="NumberOfTestWorkers" value="4" />
    </settings>
    <properties>
      <property name="_PID" value="7600" />
      <property name="_APPDOMAIN" value="test-domain-" />
    </properties>
    <failure>
      <message><![CDATA[One or more child tests had errors]]></message>
    </failure>
    <test-suite type="TestSuite" id="0-1029" name="SeleniumTests" fullname="SeleniumTests" runstate="Runnable" testcasecount="14" result="Failed" site="Child" start-time="2016-08-01 16:06:25Z" end-time="2016-08-01 16:06:42Z" duration="17.144327" total="1" passed="0" failed="1" inconclusive="0" skipped="0" asserts="1">
      <failure>
        <message><![CDATA[One or more child tests had errors]]></message>
      </failure>
      <test-suite type="TestFixture" id="0-1014" name="deleteClause" fullname="SeleniumTests.deleteClause" classname="SeleniumTests.deleteClause" runstate="Runnable" testcasecount="1" result="Failed" site="Child" start-time="2016-08-01 16:06:25Z" end-time="2016-08-01 16:06:42Z" duration="17.139202" total="1" passed="0" failed="1" inconclusive="0" skipped="0" asserts="1">
        <failure>
          <message><![CDATA[One or more child tests had errors]]></message>
        </failure>
        <test-case id="0-1015" name="TheDeleteClauseTest" fullname="SeleniumTests.deleteClause.TheDeleteClauseTest" methodname="TheDeleteClauseTest" classname="SeleniumTests.deleteClause" runstate="Runnable" seed="349970925" result="Failed" label="Error" start-time="2016-08-01 16:06:25Z" end-time="2016-08-01 16:06:42Z" duration="17.125286" asserts="1">
          <failure>
            <message><![CDATA[System.InvalidOperationException : chrome not reachable
  (Session info: chrome=53.0.2785.34)
  (Driver info: chromedriver=2.22.397933 (1cab651507b88dec79b2b2a22d1943c01833cc1b),platform=Windows NT 6.1.7601 SP1 x86_64) (100)]]></message>
            <stack-trace><![CDATA[   en OpenQA.Selenium.Remote.RemoteWebDriver.UnpackAndThrowOnError(Response errorResponse)
   en OpenQA.Selenium.Remote.RemoteWebDriver.Execute(String driverCommandToExecute, Dictionary`2 parameters)
   en OpenQA.Selenium.Remote.RemoteWebDriver.FindElement(String mechanism, String value)
   en SeleniumTests.deleteClause.TheDeleteClauseTest() en C:\Users\rafael.noyola\documents\visual studio 2015\Projects\SeleniumTestsCS\SeleniumTestsCS\deleteClause.cs:línea 51]]></stack-trace>
          </failure>
          <output><![CDATA[Login
]]></output>
        </test-case>
      </test-suite>
    </test-suite>
  </test-suite>
</test-run>